<?xml version="1.0" encoding="UTF-8"?>
<testng-results ignored="0" total="1" passed="1" failed="0" skipped="0">
  <reporter-output>
    <line>
      <![CDATA[reading data from properties file]]>
    </line>
    <line>
      <![CDATA[Launching Browser]]>
    </line>
    <line>
      <![CDATA[CLicking on gender]]>
    </line>
    <line>
      <![CDATA[clicking on next button for health page ]]>
    </line>
    <line>
      <![CDATA[reading data from excel]]>
    </line>
    <line>
      <![CDATA[selecting drowdown for age]]>
    </line>
    <line>
      <![CDATA[ clicking on Next Button member page]]>
    </line>
    <line>
      <![CDATA[reading data from excel]]>
    </line>
    <line>
      <![CDATA[entering pin code]]>
    </line>
    <line>
      <![CDATA[reading data from excel]]>
    </line>
    <line>
      <![CDATA[entering mobile no ]]>
    </line>
    <line>
      <![CDATA[getting plan no form text]]>
    </line>
    <line>
      <![CDATA[getting plan no form plan cards]]>
    </line>
    <line>
      <![CDATA[plan no are matching Tc is passed]]>
    </line>
    <line>
      <![CDATA[taking screenshort saved at C:\Users\prati\eclipse-workspace\maven23Nov2024Batch\screenshotvalidatePlancardAndText.png]]>
    </line>
    <line>
      <![CDATA[Test validatePlancardAndTextis success]]>
    </line>
    <line>
      <![CDATA[closing Browser]]>
    </line>
  </reporter-output>
  <suite started-at="2025-05-10T22:58:39 IST" name="Suite" finished-at="2025-05-10T22:58:59 IST" duration-ms="19437">
    <groups>
    </groups>
    <test started-at="2025-05-10T22:58:39 IST" name="Test" finished-at="2025-05-10T22:58:59 IST" duration-ms="19437">
      <class name="com.coverFox_TestNG.CoverFoxUsingTestNG">
        <test-method is-config="true" signature="launchBrowser()[pri:0, instance:com.coverFox_TestNG.CoverFoxUsingTestNG@36ebc363]" started-at="2025-05-10T22:58:39 IST" name="launchBrowser" finished-at="2025-05-10T22:58:43 IST" duration-ms="3712" status="PASS">
          <reporter-output>
            <line>
              <![CDATA[reading data from properties file]]>
            </line>
            <line>
              <![CDATA[Launching Browser]]>
            </line>
          </reporter-output>
        </test-method> <!-- launchBrowser -->
        <test-method is-config="true" signature="coverFoxPrecondition()[pri:0, instance:com.coverFox_TestNG.CoverFoxUsingTestNG@36ebc363]" started-at="2025-05-10T22:58:43 IST" name="coverFoxPrecondition" finished-at="2025-05-10T22:58:52 IST" duration-ms="9218" status="PASS">
          <reporter-output>
            <line>
              <![CDATA[CLicking on gender]]>
            </line>
            <line>
              <![CDATA[clicking on next button for health page ]]>
            </line>
            <line>
              <![CDATA[reading data from excel]]>
            </line>
            <line>
              <![CDATA[selecting drowdown for age]]>
            </line>
            <line>
              <![CDATA[ clicking on Next Button member page]]>
            </line>
            <line>
              <![CDATA[reading data from excel]]>
            </line>
            <line>
              <![CDATA[entering pin code]]>
            </line>
            <line>
              <![CDATA[reading data from excel]]>
            </line>
            <line>
              <![CDATA[entering mobile no ]]>
            </line>
          </reporter-output>
        </test-method> <!-- coverFoxPrecondition -->
        <test-method signature="validatePlancardAndText()[pri:0, instance:com.coverFox_TestNG.CoverFoxUsingTestNG@36ebc363]" started-at="2025-05-10T22:58:52 IST" name="validatePlancardAndText" finished-at="2025-05-10T22:58:58 IST" duration-ms="6247" status="PASS">
          <reporter-output>
            <line>
              <![CDATA[getting plan no form text]]>
            </line>
            <line>
              <![CDATA[getting plan no form plan cards]]>
            </line>
            <line>
              <![CDATA[plan no are matching Tc is passed]]>
            </line>
            <line>
              <![CDATA[taking screenshort saved at C:\Users\prati\eclipse-workspace\maven23Nov2024Batch\screenshotvalidatePlancardAndText.png]]>
            </line>
            <line>
              <![CDATA[Test validatePlancardAndTextis success]]>
            </line>
          </reporter-output>
        </test-method> <!-- validatePlancardAndText -->
        <test-method is-config="true" signature="Closebrowsers()[pri:0, instance:com.coverFox_TestNG.CoverFoxUsingTestNG@36ebc363]" started-at="2025-05-10T22:58:58 IST" name="Closebrowsers" finished-at="2025-05-10T22:58:59 IST" duration-ms="232" status="PASS">
          <reporter-output>
            <line>
              <![CDATA[closing Browser]]>
            </line>
          </reporter-output>
        </test-method> <!-- Closebrowsers -->
      </class> <!-- com.coverFox_TestNG.CoverFoxUsingTestNG -->
    </test> <!-- Test -->
  </suite> <!-- Suite -->
</testng-results>
