<?xml version="1.0" encoding="UTF-8"?>
<testng-results ignored="0" total="1" passed="1" failed="0" skipped="0">
  <reporter-output>
    <line>
      <![CDATA[reading data from properties file]]>
    </line>
    <line>
      <![CDATA[Launching Browser]]>
    </line>
    <line>
      <![CDATA[CLicking on gender]]>
    </line>
    <line>
      <![CDATA[clicking on next button for health page ]]>
    </line>
    <line>
      <![CDATA[reading data from excel]]>
    </line>
    <line>
      <![CDATA[selecting drowdown for age]]>
    </line>
    <line>
      <![CDATA[ clicking on Next Button member page]]>
    </line>
    <line>
      <![CDATA[reading data from excel]]>
    </line>
    <line>
      <![CDATA[entering pin code]]>
    </line>
    <line>
      <![CDATA[reading data from excel]]>
    </line>
    <line>
      <![CDATA[entering mobile no ]]>
    </line>
    <line>
      <![CDATA[getting plan no form text]]>
    </line>
    <line>
      <![CDATA[getting plan no form plan cards]]>
    </line>
    <line>
      <![CDATA[plan no are matching Tc is passed]]>
    </line>
    <line>
      <![CDATA[taking screenshort saved at C:\Users\prati\eclipse-workspace\maven23Nov2024Batch\screenshotvalidatePlancardAndText.png]]>
    </line>
    <line>
      <![CDATA[closing Browser]]>
    </line>
  </reporter-output>
  <suite started-at="2025-05-08T17:21:21 IST" name="Default suite" finished-at="2025-05-08T17:21:41 IST" duration-ms="20673">
    <groups>
    </groups>
    <test started-at="2025-05-08T17:21:21 IST" name="Default test" finished-at="2025-05-08T17:21:41 IST" duration-ms="20673">
      <class name="com.coverFox_TestNG.CoverFoxUsingTestNG">
        <test-method is-config="true" signature="launchBrowser()[pri:0, instance:com.coverFox_TestNG.CoverFoxUsingTestNG@31f9b85e]" started-at="2025-05-08T17:21:21 IST" name="launchBrowser" finished-at="2025-05-08T17:21:25 IST" duration-ms="4512" status="PASS">
          <reporter-output>
            <line>
              <![CDATA[reading data from properties file]]>
            </line>
            <line>
              <![CDATA[Launching Browser]]>
            </line>
          </reporter-output>
        </test-method> <!-- launchBrowser -->
        <test-method is-config="true" signature="coverFoxPrecondition()[pri:0, instance:com.coverFox_TestNG.CoverFoxUsingTestNG@31f9b85e]" started-at="2025-05-08T17:21:25 IST" name="coverFoxPrecondition" finished-at="2025-05-08T17:21:35 IST" duration-ms="9403" status="PASS">
          <reporter-output>
            <line>
              <![CDATA[CLicking on gender]]>
            </line>
            <line>
              <![CDATA[clicking on next button for health page ]]>
            </line>
            <line>
              <![CDATA[reading data from excel]]>
            </line>
            <line>
              <![CDATA[selecting drowdown for age]]>
            </line>
            <line>
              <![CDATA[ clicking on Next Button member page]]>
            </line>
            <line>
              <![CDATA[reading data from excel]]>
            </line>
            <line>
              <![CDATA[entering pin code]]>
            </line>
            <line>
              <![CDATA[reading data from excel]]>
            </line>
            <line>
              <![CDATA[entering mobile no ]]>
            </line>
          </reporter-output>
        </test-method> <!-- coverFoxPrecondition -->
        <test-method signature="validatePlancardAndText()[pri:0, instance:com.coverFox_TestNG.CoverFoxUsingTestNG@31f9b85e]" started-at="2025-05-08T17:21:35 IST" name="validatePlancardAndText" finished-at="2025-05-08T17:21:41 IST" duration-ms="6363" status="PASS">
          <reporter-output>
            <line>
              <![CDATA[getting plan no form text]]>
            </line>
            <line>
              <![CDATA[getting plan no form plan cards]]>
            </line>
            <line>
              <![CDATA[plan no are matching Tc is passed]]>
            </line>
            <line>
              <![CDATA[taking screenshort saved at C:\Users\prati\eclipse-workspace\maven23Nov2024Batch\screenshotvalidatePlancardAndText.png]]>
            </line>
          </reporter-output>
        </test-method> <!-- validatePlancardAndText -->
        <test-method is-config="true" signature="Closebrowsers()[pri:0, instance:com.coverFox_TestNG.CoverFoxUsingTestNG@31f9b85e]" started-at="2025-05-08T17:21:41 IST" name="Closebrowsers" finished-at="2025-05-08T17:21:41 IST" duration-ms="337" status="PASS">
          <reporter-output>
            <line>
              <![CDATA[closing Browser]]>
            </line>
          </reporter-output>
        </test-method> <!-- Closebrowsers -->
      </class> <!-- com.coverFox_TestNG.CoverFoxUsingTestNG -->
    </test> <!-- Default test -->
  </suite> <!-- Default suite -->
</testng-results>
